<?xml version="1.0" encoding="UTF-8"?>
<!-- Generated by org.testng.reporters.JUnitReportReporter -->
<testsuite hostname="Abhijit" failures="0" tests="1" name="OrangeHRM.HRM.Login1" time="15.827" errors="0" timestamp="2024-02-29T17:28:29 IST" skipped="0">
  <testcase classname="OrangeHRM.HRM.Login1" name="Log" time="15.827"/>
</testsuite> <!-- OrangeHRM.HRM.Login1 -->
