<?xml version="1.0" encoding="UTF-8"?>
<!-- Generated by org.testng.reporters.JUnitReportReporter -->
<testsuite hostname="Abhijit" failures="0" tests="1" name="OrangeHRM.HRM.Job" time="13.924" errors="0" timestamp="2024-02-29T18:12:28 IST" skipped="0">
  <testcase classname="OrangeHRM.HRM.Job" name="Log" time="13.924"/>
</testsuite> <!-- OrangeHRM.HRM.Job -->
