<?xml version="1.0" encoding="UTF-8"?>
<!-- Generated by org.testng.reporters.JUnitReportReporter -->
<testsuite hostname="Abhijit" failures="0" tests="1" name="OrangeHRM.HRM.Attachment" time="13.470" errors="0" timestamp="2024-02-29T18:12:56 IST" skipped="0">
  <testcase classname="OrangeHRM.HRM.Attachment" name="Log" time="13.470"/>
</testsuite> <!-- OrangeHRM.HRM.Attachment -->
