<?xml version="1.0" encoding="UTF-8"?>
<!-- Generated by org.testng.reporters.JUnitReportReporter -->
<testsuite hostname="Abhijit" failures="0" tests="1" name="OrangeHRM.HRM.Immigration" time="14.849" errors="0" timestamp="2024-02-29T18:11:54 IST" skipped="0">
  <testcase classname="OrangeHRM.HRM.Immigration" name="Log" time="14.849"/>
</testsuite> <!-- OrangeHRM.HRM.Immigration -->
