<?xml version="1.0" encoding="UTF-8"?>
<!-- Generated by org.testng.reporters.JUnitReportReporter -->
<testsuite hostname="Abhijit" failures="0" tests="1" name="OrangeHRM.HRM.AppTest" time="0.013" errors="0" timestamp="2024-02-29T18:13:39 IST" skipped="0">
  <testcase classname="OrangeHRM.HRM.AppTest" name="shouldAnswerWithTrue" time="0.013"/>
  <system-out/>
</testsuite> <!-- OrangeHRM.HRM.AppTest -->
